<?xml version="1.0" encoding="UTF-8"?>
<testng-results ignored="0" total="5" passed="4" failed="1" skipped="0">
  <reporter-output>
  </reporter-output>
  <suite started-at="2021-01-21T13:49:38 EST" name="FREE CRM Application Test Automation Test Suite" finished-at="2021-01-21T13:52:00 EST" duration-ms="142294">
    <groups>
    </groups>
    <test started-at="2021-01-21T13:49:38 EST" name="Walmart Test Cases" finished-at="2021-01-21T13:52:00 EST" duration-ms="142294">
      <class name="com.walmart.qa.Orderhistorytest.Historytest">
        <test-method is-config="true" signature="setup()[pri:0, instance:com.walmart.qa.Orderhistorytest.Historytest@3aefe5e5]" started-at="2021-01-21T13:51:29 EST" name="setup" finished-at="2021-01-21T13:51:39 EST" duration-ms="9602" status="PASS">
          <reporter-output>
          </reporter-output>
        </test-method> <!-- setup -->
        <test-method signature="history()[pri:1, instance:com.walmart.qa.Orderhistorytest.Historytest@3aefe5e5]" started-at="2021-01-21T13:51:39 EST" name="history" finished-at="2021-01-21T13:52:00 EST" duration-ms="21690" status="PASS">
          <reporter-output>
          </reporter-output>
        </test-method> <!-- history -->
      </class> <!-- com.walmart.qa.Orderhistorytest.Historytest -->
      <class name="com.walmart.qa.MyListspagetest.MyListtest">
        <test-method is-config="true" signature="setup()[pri:0, instance:com.walmart.qa.MyListspagetest.MyListtest@1184ab05]" started-at="2021-01-21T13:51:02 EST" name="setup" finished-at="2021-01-21T13:51:09 EST" duration-ms="7182" status="PASS">
          <reporter-output>
          </reporter-output>
        </test-method> <!-- setup -->
        <test-method signature="history()[pri:1, instance:com.walmart.qa.MyListspagetest.MyListtest@1184ab05]" started-at="2021-01-21T13:51:09 EST" name="history" finished-at="2021-01-21T13:51:29 EST" duration-ms="20352" status="PASS">
          <reporter-output>
          </reporter-output>
        </test-method> <!-- history -->
      </class> <!-- com.walmart.qa.MyListspagetest.MyListtest -->
      <class name="com.walmart.qa.Cartpagetest.Carttest">
        <test-method is-config="true" signature="setup()[pri:0, instance:com.walmart.qa.Cartpagetest.Carttest@460d0a57]" started-at="2021-01-21T13:50:03 EST" name="setup" finished-at="2021-01-21T13:50:11 EST" duration-ms="7523" status="PASS">
          <reporter-output>
          </reporter-output>
        </test-method> <!-- setup -->
        <test-method signature="sameitemadd()[pri:2, instance:com.walmart.qa.Cartpagetest.Carttest@460d0a57]" started-at="2021-01-21T13:50:11 EST" name="sameitemadd" finished-at="2021-01-21T13:50:32 EST" duration-ms="21045" status="FAIL">
          <exception class="org.openqa.selenium.ElementClickInterceptedException">
            <message>
              <![CDATA[Element <button class="css-vfxkzw edzik9p0"> is not clickable at point (777,633) because another element <div class="css-ec9fr1 evidsk81"> obscures it
Build info: version: '3.141.59', revision: 'e82be7d358', time: '2018-11-14T08:17:03'
System info: host: 'DESKTOP-3GEP89E', ip: '192.168.56.1', os.name: 'Windows 10', os.arch: 'amd64', os.version: '10.0', java.version: '15.0.1'
Driver info: org.openqa.selenium.firefox.FirefoxDriver
Capabilities {acceptInsecureCerts: true, browserName: firefox, browserVersion: 84.0.2, javascriptEnabled: true, moz:accessibilityChecks: false, moz:buildID: 20210105180113, moz:geckodriverVersion: 0.27.0, moz:headless: false, moz:processID: 2216, moz:profile: C:\Users\Sivadevi\AppData\L..., moz:shutdownTimeout: 60000, moz:useNonSpecCompliantPointerOrigin: false, moz:webdriverClick: true, pageLoadStrategy: normal, platform: WINDOWS, platformName: WINDOWS, platformVersion: 10.0, rotatable: false, setWindowRect: true, strictFileInteractability: false, timeouts: {implicit: 0, pageLoad: 300000, script: 30000}, unhandledPromptBehavior: dismiss and notify}
Session ID: b04f6139-32aa-4064-9d82-3398167bdd6f]]>
            </message>
            <full-stacktrace>
              <![CDATA[org.openqa.selenium.ElementClickInterceptedException: Element <button class="css-vfxkzw edzik9p0"> is not clickable at point (777,633) because another element <div class="css-ec9fr1 evidsk81"> obscures it
Build info: version: '3.141.59', revision: 'e82be7d358', time: '2018-11-14T08:17:03'
System info: host: 'DESKTOP-3GEP89E', ip: '192.168.56.1', os.name: 'Windows 10', os.arch: 'amd64', os.version: '10.0', java.version: '15.0.1'
Driver info: org.openqa.selenium.firefox.FirefoxDriver
Capabilities {acceptInsecureCerts: true, browserName: firefox, browserVersion: 84.0.2, javascriptEnabled: true, moz:accessibilityChecks: false, moz:buildID: 20210105180113, moz:geckodriverVersion: 0.27.0, moz:headless: false, moz:processID: 2216, moz:profile: C:\Users\Sivadevi\AppData\L..., moz:shutdownTimeout: 60000, moz:useNonSpecCompliantPointerOrigin: false, moz:webdriverClick: true, pageLoadStrategy: normal, platform: WINDOWS, platformName: WINDOWS, platformVersion: 10.0, rotatable: false, setWindowRect: true, strictFileInteractability: false, timeouts: {implicit: 0, pageLoad: 300000, script: 30000}, unhandledPromptBehavior: dismiss and notify}
Session ID: b04f6139-32aa-4064-9d82-3398167bdd6f
at java.base/jdk.internal.reflect.NativeConstructorAccessorImpl.newInstance0(Native Method)
at java.base/jdk.internal.reflect.NativeConstructorAccessorImpl.newInstance(NativeConstructorAccessorImpl.java:64)
at java.base/jdk.internal.reflect.DelegatingConstructorAccessorImpl.newInstance(DelegatingConstructorAccessorImpl.java:45)
at java.base/java.lang.reflect.Constructor.newInstanceWithCaller(Constructor.java:500)
at java.base/java.lang.reflect.Constructor.newInstance(Constructor.java:481)
at org.openqa.selenium.remote.http.W3CHttpResponseCodec.createException(W3CHttpResponseCodec.java:187)
at org.openqa.selenium.remote.http.W3CHttpResponseCodec.decode(W3CHttpResponseCodec.java:122)
at org.openqa.selenium.remote.http.W3CHttpResponseCodec.decode(W3CHttpResponseCodec.java:49)
at org.openqa.selenium.remote.HttpCommandExecutor.execute(HttpCommandExecutor.java:158)
at org.openqa.selenium.remote.service.DriverCommandExecutor.execute(DriverCommandExecutor.java:83)
at org.openqa.selenium.remote.RemoteWebDriver.execute(RemoteWebDriver.java:552)
at org.openqa.selenium.remote.RemoteWebElement.execute(RemoteWebElement.java:285)
at org.openqa.selenium.remote.RemoteWebElement.click(RemoteWebElement.java:84)
at com.walmart.qa.Cartpage.Cartpage.Additem(Cartpage.java:28)
at com.walmart.qa.Cartpagetest.Carttest.sameitemadd(Carttest.java:37)
at java.base/jdk.internal.reflect.NativeMethodAccessorImpl.invoke0(Native Method)
at java.base/jdk.internal.reflect.NativeMethodAccessorImpl.invoke(NativeMethodAccessorImpl.java:64)
at java.base/jdk.internal.reflect.DelegatingMethodAccessorImpl.invoke(DelegatingMethodAccessorImpl.java:43)
at java.base/java.lang.reflect.Method.invoke(Method.java:564)
at org.testng.internal.MethodInvocationHelper.invokeMethod(MethodInvocationHelper.java:132)
at org.testng.internal.TestInvoker.invokeMethod(TestInvoker.java:599)
at org.testng.internal.TestInvoker.invokeTestMethod(TestInvoker.java:174)
at org.testng.internal.MethodRunner.runInSequence(MethodRunner.java:46)
at org.testng.internal.TestInvoker$MethodInvocationAgent.invoke(TestInvoker.java:822)
at org.testng.internal.TestInvoker.invokeTestMethods(TestInvoker.java:147)
at org.testng.internal.TestMethodWorker.invokeTestMethods(TestMethodWorker.java:146)
at org.testng.internal.TestMethodWorker.run(TestMethodWorker.java:128)
at java.base/java.util.ArrayList.forEach(ArrayList.java:1511)
at org.testng.TestRunner.privateRun(TestRunner.java:764)
at org.testng.TestRunner.run(TestRunner.java:585)
at org.testng.SuiteRunner.runTest(SuiteRunner.java:384)
at org.testng.SuiteRunner.runSequentially(SuiteRunner.java:378)
at org.testng.SuiteRunner.privateRun(SuiteRunner.java:337)
at org.testng.SuiteRunner.run(SuiteRunner.java:286)
at org.testng.SuiteRunnerWorker.runSuite(SuiteRunnerWorker.java:53)
at org.testng.SuiteRunnerWorker.run(SuiteRunnerWorker.java:96)
at org.testng.TestNG.runSuitesSequentially(TestNG.java:1218)
at org.testng.TestNG.runSuitesLocally(TestNG.java:1140)
at org.testng.TestNG.runSuites(TestNG.java:1069)
at org.testng.TestNG.run(TestNG.java:1037)
at org.testng.remote.AbstractRemoteTestNG.run(AbstractRemoteTestNG.java:115)
at org.testng.remote.RemoteTestNG.initAndRun(RemoteTestNG.java:251)
at org.testng.remote.RemoteTestNG.main(RemoteTestNG.java:77)
]]>
            </full-stacktrace>
          </exception> <!-- org.openqa.selenium.ElementClickInterceptedException -->
          <reporter-output>
          </reporter-output>
        </test-method> <!-- sameitemadd -->
      </class> <!-- com.walmart.qa.Cartpagetest.Carttest -->
      <class name="com.walmart.qa.Homepagetest.Hometest">
        <test-method is-config="true" signature="setup()[pri:0, instance:com.walmart.qa.Homepagetest.Hometest@3c22fc4c]" started-at="2021-01-21T13:49:38 EST" name="setup" finished-at="2021-01-21T13:49:48 EST" duration-ms="9844" status="PASS">
          <reporter-output>
          </reporter-output>
        </test-method> <!-- setup -->
        <test-method signature="filter()[pri:4, instance:com.walmart.qa.Homepagetest.Hometest@3c22fc4c]" started-at="2021-01-21T13:49:48 EST" name="filter" finished-at="2021-01-21T13:50:03 EST" duration-ms="15253" status="PASS">
          <reporter-output>
          </reporter-output>
        </test-method> <!-- filter -->
      </class> <!-- com.walmart.qa.Homepagetest.Hometest -->
      <class name="com.walmart.qa.MyAccounttest.Accounttest">
        <test-method is-config="true" signature="setup()[pri:0, instance:com.walmart.qa.MyAccounttest.Accounttest@47d90b9e]" started-at="2021-01-21T13:50:32 EST" name="setup" finished-at="2021-01-21T13:50:40 EST" duration-ms="7719" status="PASS">
          <reporter-output>
          </reporter-output>
        </test-method> <!-- setup -->
        <test-method signature="sameitemadd()[pri:1, instance:com.walmart.qa.MyAccounttest.Accounttest@47d90b9e]" started-at="2021-01-21T13:50:40 EST" name="sameitemadd" finished-at="2021-01-21T13:51:02 EST" duration-ms="21997" status="PASS">
          <reporter-output>
          </reporter-output>
        </test-method> <!-- sameitemadd -->
      </class> <!-- com.walmart.qa.MyAccounttest.Accounttest -->
    </test> <!-- Walmart Test Cases -->
  </suite> <!-- FREE CRM Application Test Automation Test Suite -->
</testng-results>
